<?xml version="1.0" encoding="UTF-8"?>
<testsuite xmlns:xsi="http://www.w3.org/2001/XMLSchema-instance" xsi:noNamespaceSchemaLocation="https://maven.apache.org/surefire/maven-surefire-plugin/xsd/surefire-test-report-3.0.xsd" version="3.0" name="com.votreentreprise.AppTest" time="0.017" tests="1" errors="0" skipped="0" failures="0">
  <properties>
    <property name="java.specification.version" value="21"/>
    <property name="sun.jnu.encoding" value="UTF-8"/>
    <property name="java.class.path" value="/home/jbwittner/workspace/test_multi_module_java/projet-multimodules/moduleC/target/test-classes:/home/jbwittner/workspace/test_multi_module_java/projet-multimodules/moduleC/target/classes:/home/jbwittner/.m2/repository/junit/junit/3.8.1/junit-3.8.1.jar:/home/jbwittner/workspace/test_multi_module_java/projet-multimodules/moduleA/target/moduleA-1.0-SNAPSHOT.jar:/home/jbwittner/workspace/test_multi_module_java/projet-multimodules/moduleB/target/moduleB-1.0-SNAPSHOT.jar:"/>
    <property name="java.vm.vendor" value="Azul Systems, Inc."/>
    <property name="sun.arch.data.model" value="64"/>
    <property name="java.vendor.url" value="http://www.azul.com/"/>
    <property name="os.name" value="Linux"/>
    <property name="java.vm.specification.version" value="21"/>
    <property name="sun.java.launcher" value="SUN_STANDARD"/>
    <property name="sun.boot.library.path" value="/home/jbwittner/.sdkman/candidates/java/21.0.2-zulu/lib"/>
    <property name="sun.java.command" value="/home/jbwittner/workspace/test_multi_module_java/projet-multimodules/moduleC/target/surefire/surefirebooter-20240322224035863_9.jar /home/jbwittner/workspace/test_multi_module_java/projet-multimodules/moduleC/target/surefire 2024-03-22T22-40-34_855-jvmRun1 surefire-20240322224035863_7tmp surefire_2-20240322224035863_8tmp"/>
    <property name="jdk.debug" value="release"/>
    <property name="surefire.test.class.path" value="/home/jbwittner/workspace/test_multi_module_java/projet-multimodules/moduleC/target/test-classes:/home/jbwittner/workspace/test_multi_module_java/projet-multimodules/moduleC/target/classes:/home/jbwittner/.m2/repository/junit/junit/3.8.1/junit-3.8.1.jar:/home/jbwittner/workspace/test_multi_module_java/projet-multimodules/moduleA/target/moduleA-1.0-SNAPSHOT.jar:/home/jbwittner/workspace/test_multi_module_java/projet-multimodules/moduleB/target/moduleB-1.0-SNAPSHOT.jar:"/>
    <property name="sun.cpu.endian" value="little"/>
    <property name="user.home" value="/home/jbwittner"/>
    <property name="user.language" value="en"/>
    <property name="java.specification.vendor" value="Oracle Corporation"/>
    <property name="java.version.date" value="2024-01-16"/>
    <property name="java.home" value="/home/jbwittner/.sdkman/candidates/java/21.0.2-zulu"/>
    <property name="file.separator" value="/"/>
    <property name="basedir" value="/home/jbwittner/workspace/test_multi_module_java/projet-multimodules/moduleC"/>
    <property name="java.vm.compressedOopsMode" value="Zero based"/>
    <property name="line.separator" value="&#10;"/>
    <property name="java.specification.name" value="Java Platform API Specification"/>
    <property name="java.vm.specification.vendor" value="Oracle Corporation"/>
    <property name="surefire.real.class.path" value="/home/jbwittner/workspace/test_multi_module_java/projet-multimodules/moduleC/target/surefire/surefirebooter-20240322224035863_9.jar"/>
    <property name="sun.management.compiler" value="HotSpot 64-Bit Tiered Compilers"/>
    <property name="java.runtime.version" value="21.0.2+13-LTS"/>
    <property name="user.name" value="jbwittner"/>
    <property name="stdout.encoding" value="UTF-8"/>
    <property name="path.separator" value=":"/>
    <property name="os.version" value="5.15.146.1-microsoft-standard-WSL2"/>
    <property name="java.runtime.name" value="OpenJDK Runtime Environment"/>
    <property name="file.encoding" value="UTF-8"/>
    <property name="java.vm.name" value="OpenJDK 64-Bit Server VM"/>
    <property name="java.vendor.version" value="Zulu21.32+17-CA"/>
    <property name="localRepository" value="/home/jbwittner/.m2/repository"/>
    <property name="java.vendor.url.bug" value="http://www.azul.com/support/"/>
    <property name="java.io.tmpdir" value="/tmp"/>
    <property name="java.version" value="21.0.2"/>
    <property name="user.dir" value="/home/jbwittner/workspace/test_multi_module_java/projet-multimodules/moduleC"/>
    <property name="os.arch" value="amd64"/>
    <property name="java.vm.specification.name" value="Java Virtual Machine Specification"/>
    <property name="native.encoding" value="UTF-8"/>
    <property name="java.library.path" value="/usr/java/packages/lib:/usr/lib64:/lib64:/lib:/usr/lib"/>
    <property name="java.vm.info" value="mixed mode, sharing"/>
    <property name="stderr.encoding" value="UTF-8"/>
    <property name="java.vendor" value="Azul Systems, Inc."/>
    <property name="java.vm.version" value="21.0.2+13-LTS"/>
    <property name="sun.io.unicode.encoding" value="UnicodeLittle"/>
    <property name="java.class.version" value="65.0"/>
  </properties>
  <testcase name="testApp" classname="com.votreentreprise.AppTest" time="0.002"/>
</testsuite>